# Logfile created on 2012-10-07 14:29:03 -0500 by logger.rb/31641
2012-10-07 14:29:03 -0500 -- db:migrate -- []
2012-10-07 14:29:05 -0500 -- db:_dump -- []
2012-10-07 14:29:05 -0500 -- db:schema:dump -- []
2012-10-07 14:30:34 -0500 -- db:migrate -- []
2012-10-07 14:30:35 -0500 -- db:_dump -- []
2012-10-07 14:30:35 -0500 -- db:schema:dump -- []
2012-10-07 22:39:32 +0200 -- db:setup -- []
2012-10-07 22:39:33 +0200 -- db:schema:load -- []
2012-10-07 22:39:35 +0200 -- db:abort_if_pending_migrations -- []
2012-10-07 22:39:42 +0200 -- db:setup -- []
2012-10-07 22:39:43 +0200 -- db:schema:load -- []
2012-10-07 22:39:45 +0200 -- db:abort_if_pending_migrations -- []
2012-10-07 22:41:05 +0200 -- routes -- []
2012-10-07 22:44:21 +0200 -- db:drop:all -- []
2012-10-07 22:44:46 +0200 -- db:setup -- []
2012-10-07 22:44:47 +0200 -- db:schema:load -- []
2012-10-07 22:44:48 +0200 -- db:abort_if_pending_migrations -- []
2012-10-07 22:44:56 +0200 -- db:setup -- []
2012-10-07 22:44:57 +0200 -- db:schema:load -- []
2012-10-07 22:44:59 +0200 -- db:abort_if_pending_migrations -- []
2012-10-07 22:46:00 +0200 -- db:reset -- []
2012-10-07 22:46:02 +0200 -- db:drop -- []
2012-10-07 22:46:02 +0200 -- db:setup -- []
2012-10-07 22:46:02 +0200 -- db:schema:load -- []
2012-10-07 22:46:03 +0200 -- db:abort_if_pending_migrations -- []
2012-10-07 22:46:11 +0200 -- db:reset -- []
2012-10-07 22:46:13 +0200 -- db:drop -- []
2012-10-07 22:46:13 +0200 -- db:setup -- []
2012-10-07 22:46:13 +0200 -- db:schema:load -- []
2012-10-07 22:46:13 +0200 -- db:abort_if_pending_migrations -- []
2012-10-07 22:47:59 +0200 -- db:migrate -- []
2012-10-07 22:48:01 +0200 -- db:_dump -- []
2012-10-07 22:48:01 +0200 -- db:schema:dump -- []
2012-10-07 22:48:20 +0200 -- db:drop -- []
2012-10-07 22:49:03 +0200 -- db:drop -- []
2012-10-07 22:49:21 +0200 -- db:migrate -- []
2012-10-07 22:49:24 +0200 -- db:_dump -- []
2012-10-07 22:49:24 +0200 -- db:schema:dump -- []
2012-10-07 22:49:29 +0200 -- db:seed -- []
2012-10-07 22:49:29 +0200 -- db:abort_if_pending_migrations -- []
2012-10-07 22:49:39 +0200 -- db:test:prepare -- []
2012-10-07 22:49:41 +0200 -- db:test:load -- []
2012-10-07 22:49:41 +0200 -- db:test:load_schema -- []
2012-10-07 22:49:41 +0200 -- db:schema:load -- []
